Started at Sun May 23 06:09:51 UTC 2021
Processing Demo_webhook
Offering Demo_webhook to Project Build Discarder
Processing New_Project
Offering New_Project to Project Build Discarder
Processing Pipeline test
Offering Pipeline test to Project Build Discarder
Processing Project2
Offering Project2 to Project Build Discarder
Finished at Sun May 23 06:09:51 UTC 2021. 2ms
Started at Sun May 23 07:09:51 UTC 2021
Processing Demo_webhook
Offering Demo_webhook to Project Build Discarder
Processing New_Project
Offering New_Project to Project Build Discarder
Processing Pipeline test
Offering Pipeline test to Project Build Discarder
Processing Project2
Offering Project2 to Project Build Discarder
Finished at Sun May 23 07:09:51 UTC 2021. 1ms
